[2026-02-02T22:58:06.100Z] MongoDB connected successfully
[2026-02-02T22:58:06.109Z] LegalEase backend running on port 5000
[2026-02-02T22:58:06.110Z] 📝 LOGGING TO: C:\Users\chira\OneDrive\Desktop\LegalEase2.0\Backend\server.log
[2026-02-02T22:58:06.119Z] MongoDB connected successfully
[2026-02-02T22:58:06.131Z] LegalEase backend running on port 5000
[2026-02-02T22:58:06.131Z] 📝 LOGGING TO: C:\Users\chira\OneDrive\Desktop\LegalEase2.0\Backend\server.log
[2026-02-02T22:58:06.142Z] MongoDB connected successfully
[2026-02-02T22:58:06.143Z] MongoDB connected successfully
[2026-02-02T22:58:06.151Z] LegalEase backend running on port 5000
[2026-02-02T22:58:06.152Z] 📝 LOGGING TO: C:\Users\chira\OneDrive\Desktop\LegalEase2.0\Backend\server.log
[2026-02-02T22:58:06.151Z] LegalEase backend running on port 5000
[2026-02-02T22:58:06.151Z] 📝 LOGGING TO: C:\Users\chira\OneDrive\Desktop\LegalEase2.0\Backend\server.log
[2026-02-02T22:58:06.163Z] MongoDB connected successfully
[2026-02-02T22:58:06.164Z] MongoDB connected successfully
[2026-02-02T22:58:06.167Z] MongoDB connected successfully
[2026-02-02T22:58:06.172Z] LegalEase backend running on port 5000
[2026-02-02T22:58:06.172Z] 📝 LOGGING TO: C:\Users\chira\OneDrive\Desktop\LegalEase2.0\Backend\server.log
[2026-02-02T22:58:06.172Z] LegalEase backend running on port 5000
[2026-02-02T22:58:06.173Z] 📝 LOGGING TO: C:\Users\chira\OneDrive\Desktop\LegalEase2.0\Backend\server.log
[2026-02-02T22:58:06.175Z] LegalEase backend running on port 5000
[2026-02-02T22:58:06.176Z] 📝 LOGGING TO: C:\Users\chira\OneDrive\Desktop\LegalEase2.0\Backend\server.log
[2026-02-02T22:58:06.190Z] MongoDB connected successfully
[2026-02-02T22:58:06.197Z] LegalEase backend running on port 5000
[2026-02-02T22:58:06.198Z] 📝 LOGGING TO: C:\Users\chira\OneDrive\Desktop\LegalEase2.0\Backend\server.log
[2026-02-02T22:58:06.254Z] MongoDB connected successfully
[2026-02-02T22:58:06.260Z] LegalEase backend running on port 5000
[2026-02-02T22:58:06.261Z] 📝 LOGGING TO: C:\Users\chira\OneDrive\Desktop\LegalEase2.0\Backend\server.log
[2026-02-02T22:58:06.330Z] MongoDB connected successfully
[2026-02-02T22:58:06.338Z] LegalEase backend running on port 5000
[2026-02-02T22:58:06.339Z] 📝 LOGGING TO: C:\Users\chira\OneDrive\Desktop\LegalEase2.0\Backend\server.log
[2026-02-02T22:58:10.263Z] 💓 SERVER HEARTBEAT - Listening on port 5000
[2026-02-02T22:58:10.263Z] 💓 SERVER HEARTBEAT - Listening on port 5000
[2026-02-02T22:58:10.279Z] 💓 SERVER HEARTBEAT - Listening on port 5000
[2026-02-02T22:58:10.295Z] 💓 SERVER HEARTBEAT - Listening on port 5000
[2026-02-02T22:58:10.311Z] 💓 SERVER HEARTBEAT - Listening on port 5000
[2026-02-02T22:58:10.326Z] 💓 SERVER HEARTBEAT - Listening on port 5000
[2026-02-02T22:58:10.358Z] 💓 SERVER HEARTBEAT - Listening on port 5000
[2026-02-02T22:58:10.389Z] 💓 SERVER HEARTBEAT - Listening on port 5000
[2026-02-02T22:58:10.527Z] 💓 SERVER HEARTBEAT - Listening on port 5000
[2026-02-02T22:58:10.638Z] 💓 SERVER HEARTBEAT - Listening on port 5000
[2026-02-02T22:58:14.427Z] MongoDB connected successfully
[2026-02-02T22:58:14.436Z] LegalEase backend running on port 5000
[2026-02-02T22:58:14.437Z] 📝 LOGGING TO: C:\Users\chira\OneDrive\Desktop\LegalEase2.0\Backend\server.log
[2026-02-02T22:58:15.275Z] 💓 SERVER HEARTBEAT - Listening on port 5000
[2026-02-02T22:58:15.275Z] 💓 SERVER HEARTBEAT - Listening on port 5000
[2026-02-02T22:58:15.290Z] 💓 SERVER HEARTBEAT - Listening on port 5000
[2026-02-02T22:58:15.307Z] 💓 SERVER HEARTBEAT - Listening on port 5000
[2026-02-02T22:58:15.322Z] 💓 SERVER HEARTBEAT - Listening on port 5000
[2026-02-02T22:58:15.343Z] 💓 SERVER HEARTBEAT - Listening on port 5000
[2026-02-02T22:58:15.370Z] 💓 SERVER HEARTBEAT - Listening on port 5000
[2026-02-02T22:58:15.403Z] 💓 SERVER HEARTBEAT - Listening on port 5000
[2026-02-02T22:58:15.539Z] 💓 SERVER HEARTBEAT - Listening on port 5000
[2026-02-02T22:58:15.646Z] 💓 SERVER HEARTBEAT - Listening on port 5000
[2026-02-02T22:58:18.773Z] 💓 SERVER HEARTBEAT - Listening on port 5000
[2026-02-02T22:58:20.279Z] 💓 SERVER HEARTBEAT - Listening on port 5000
[2026-02-02T22:58:20.279Z] 💓 SERVER HEARTBEAT - Listening on port 5000
[2026-02-02T22:58:20.295Z] 💓 SERVER HEARTBEAT - Listening on port 5000
[2026-02-02T22:58:20.310Z] 💓 SERVER HEARTBEAT - Listening on port 5000
[2026-02-02T22:58:20.326Z] 💓 SERVER HEARTBEAT - Listening on port 5000
[2026-02-02T22:58:20.356Z] 💓 SERVER HEARTBEAT - Listening on port 5000
[2026-02-02T22:58:20.374Z] 💓 SERVER HEARTBEAT - Listening on port 5000
[2026-02-02T22:58:20.403Z] 💓 SERVER HEARTBEAT - Listening on port 5000
[2026-02-02T22:58:20.543Z] 💓 SERVER HEARTBEAT - Listening on port 5000
[2026-02-02T22:58:20.649Z] 💓 SERVER HEARTBEAT - Listening on port 5000
[2026-02-02T22:58:23.781Z] 💓 SERVER HEARTBEAT - Listening on port 5000
[2026-02-02T22:58:25.294Z] 💓 SERVER HEARTBEAT - Listening on port 5000
[2026-02-02T22:58:25.293Z] 💓 SERVER HEARTBEAT - Listening on port 5000
[2026-02-02T22:58:25.309Z] 💓 SERVER HEARTBEAT - Listening on port 5000
[2026-02-02T22:58:25.326Z] 💓 SERVER HEARTBEAT - Listening on port 5000
[2026-02-02T22:58:25.340Z] 💓 SERVER HEARTBEAT - Listening on port 5000
[2026-02-02T22:58:25.371Z] 💓 SERVER HEARTBEAT - Listening on port 5000
[2026-02-02T22:58:25.387Z] 💓 SERVER HEARTBEAT - Listening on port 5000
[2026-02-02T22:58:25.418Z] 💓 SERVER HEARTBEAT - Listening on port 5000
[2026-02-02T22:58:25.543Z] 💓 SERVER HEARTBEAT - Listening on port 5000
[2026-02-02T22:58:25.651Z] 💓 SERVER HEARTBEAT - Listening on port 5000
[2026-02-02T22:58:28.784Z] 💓 SERVER HEARTBEAT - Listening on port 5000
[2026-02-02T22:58:30.295Z] 💓 SERVER HEARTBEAT - Listening on port 5000
[2026-02-02T22:58:30.295Z] 💓 SERVER HEARTBEAT - Listening on port 5000
[2026-02-02T22:58:30.310Z] 💓 SERVER HEARTBEAT - Listening on port 5000
[2026-02-02T22:58:30.327Z] 💓 SERVER HEARTBEAT - Listening on port 5000
[2026-02-02T22:58:30.342Z] 💓 SERVER HEARTBEAT - Listening on port 5000
[2026-02-02T22:58:30.373Z] 💓 SERVER HEARTBEAT - Listening on port 5000
[2026-02-02T22:58:30.389Z] 💓 SERVER HEARTBEAT - Listening on port 5000
[2026-02-02T22:58:30.420Z] 💓 SERVER HEARTBEAT - Listening on port 5000
[2026-02-02T22:58:30.545Z] 💓 SERVER HEARTBEAT - Listening on port 5000
[2026-02-02T22:58:30.656Z] 💓 SERVER HEARTBEAT - Listening on port 5000
[2026-02-02T22:58:33.794Z] 💓 SERVER HEARTBEAT - Listening on port 5000
[2026-02-02T22:58:35.303Z] 💓 SERVER HEARTBEAT - Listening on port 5000
[2026-02-02T22:58:35.303Z] 💓 SERVER HEARTBEAT - Listening on port 5000
[2026-02-02T22:58:35.318Z] 💓 SERVER HEARTBEAT - Listening on port 5000
[2026-02-02T22:58:35.335Z] 💓 SERVER HEARTBEAT - Listening on port 5000
[2026-02-02T22:58:35.349Z] 💓 SERVER HEARTBEAT - Listening on port 5000
[2026-02-02T22:58:35.381Z] 💓 SERVER HEARTBEAT - Listening on port 5000
[2026-02-02T22:58:35.398Z] 💓 SERVER HEARTBEAT - Listening on port 5000
[2026-02-02T22:58:35.429Z] 💓 SERVER HEARTBEAT - Listening on port 5000
[2026-02-02T22:58:35.554Z] 💓 SERVER HEARTBEAT - Listening on port 5000
[2026-02-02T22:58:35.664Z] 💓 SERVER HEARTBEAT - Listening on port 5000
[2026-02-02T22:58:38.809Z] 💓 SERVER HEARTBEAT - Listening on port 5000
[2026-02-02T22:58:40.311Z] 💓 SERVER HEARTBEAT - Listening on port 5000
[2026-02-02T22:58:40.311Z] 💓 SERVER HEARTBEAT - Listening on port 5000
[2026-02-02T22:58:40.328Z] 💓 SERVER HEARTBEAT - Listening on port 5000
[2026-02-02T22:58:40.343Z] 💓 SERVER HEARTBEAT - Listening on port 5000
[2026-02-02T22:58:40.358Z] 💓 SERVER HEARTBEAT - Listening on port 5000
[2026-02-02T22:58:40.390Z] 💓 SERVER HEARTBEAT - Listening on port 5000
[2026-02-02T22:58:40.408Z] 💓 SERVER HEARTBEAT - Listening on port 5000
[2026-02-02T22:58:40.437Z] 💓 SERVER HEARTBEAT - Listening on port 5000
[2026-02-02T22:58:40.561Z] 💓 SERVER HEARTBEAT - Listening on port 5000
[2026-02-02T22:58:40.669Z] 💓 SERVER HEARTBEAT - Listening on port 5000
[2026-02-02T22:58:43.823Z] 💓 SERVER HEARTBEAT - Listening on port 5000
[2026-02-02T22:58:45.319Z] 💓 SERVER HEARTBEAT - Listening on port 5000
[2026-02-02T22:58:45.319Z] 💓 SERVER HEARTBEAT - Listening on port 5000
[2026-02-02T22:58:45.334Z] 💓 SERVER HEARTBEAT - Listening on port 5000
[2026-02-02T22:58:45.350Z] 💓 SERVER HEARTBEAT - Listening on port 5000
[2026-02-02T22:58:45.368Z] 💓 SERVER HEARTBEAT - Listening on port 5000
[2026-02-02T22:58:45.396Z] 💓 SERVER HEARTBEAT - Listening on port 5000
[2026-02-02T22:58:45.412Z] 💓 SERVER HEARTBEAT - Listening on port 5000
[2026-02-02T22:58:45.445Z] 💓 SERVER HEARTBEAT - Listening on port 5000
[2026-02-02T22:58:45.567Z] 💓 SERVER HEARTBEAT - Listening on port 5000
[2026-02-02T22:58:45.678Z] 💓 SERVER HEARTBEAT - Listening on port 5000
[2026-02-02T22:58:48.828Z] 💓 SERVER HEARTBEAT - Listening on port 5000
[2026-02-02T22:58:50.324Z] 💓 SERVER HEARTBEAT - Listening on port 5000
[2026-02-02T22:58:50.324Z] 💓 SERVER HEARTBEAT - Listening on port 5000
[2026-02-02T22:58:50.340Z] 💓 SERVER HEARTBEAT - Listening on port 5000
[2026-02-02T22:58:50.355Z] 💓 SERVER HEARTBEAT - Listening on port 5000
[2026-02-02T22:58:50.371Z] 💓 SERVER HEARTBEAT - Listening on port 5000
[2026-02-02T22:58:50.402Z] 💓 SERVER HEARTBEAT - Listening on port 5000
[2026-02-02T22:58:50.419Z] 💓 SERVER HEARTBEAT - Listening on port 5000
[2026-02-02T22:58:50.450Z] 💓 SERVER HEARTBEAT - Listening on port 5000
[2026-02-02T22:58:50.580Z] 💓 SERVER HEARTBEAT - Listening on port 5000
[2026-02-02T22:58:50.681Z] 💓 SERVER HEARTBEAT - Listening on port 5000
[2026-02-02T22:58:53.831Z] 💓 SERVER HEARTBEAT - Listening on port 5000
[2026-02-02T22:58:55.329Z] 💓 SERVER HEARTBEAT - Listening on port 5000
[2026-02-02T22:58:55.329Z] 💓 SERVER HEARTBEAT - Listening on port 5000
[2026-02-02T22:58:55.344Z] 💓 SERVER HEARTBEAT - Listening on port 5000
[2026-02-02T22:58:55.362Z] 💓 SERVER HEARTBEAT - Listening on port 5000
[2026-02-02T22:58:55.376Z] 💓 SERVER HEARTBEAT - Listening on port 5000
[2026-02-02T22:58:55.408Z] 💓 SERVER HEARTBEAT - Listening on port 5000
[2026-02-02T22:58:55.424Z] 💓 SERVER HEARTBEAT - Listening on port 5000
[2026-02-02T22:58:55.454Z] 💓 SERVER HEARTBEAT - Listening on port 5000
[2026-02-02T22:58:55.594Z] 💓 SERVER HEARTBEAT - Listening on port 5000
[2026-02-02T22:58:55.688Z] 💓 SERVER HEARTBEAT - Listening on port 5000
[2026-02-02T22:58:58.843Z] 💓 SERVER HEARTBEAT - Listening on port 5000
[2026-02-02T22:59:00.340Z] 💓 SERVER HEARTBEAT - Listening on port 5000
[2026-02-02T22:59:00.340Z] 💓 SERVER HEARTBEAT - Listening on port 5000
[2026-02-02T22:59:00.356Z] 💓 SERVER HEARTBEAT - Listening on port 5000
[2026-02-02T22:59:00.372Z] 💓 SERVER HEARTBEAT - Listening on port 5000
[2026-02-02T22:59:00.388Z] 💓 SERVER HEARTBEAT - Listening on port 5000
[2026-02-02T22:59:00.418Z] 💓 SERVER HEARTBEAT - Listening on port 5000
[2026-02-02T22:59:00.435Z] 💓 SERVER HEARTBEAT - Listening on port 5000
[2026-02-02T22:59:00.465Z] 💓 SERVER HEARTBEAT - Listening on port 5000
[2026-02-02T22:59:00.605Z] 💓 SERVER HEARTBEAT - Listening on port 5000
[2026-02-02T22:59:00.701Z] 💓 SERVER HEARTBEAT - Listening on port 5000
[2026-02-02T22:59:03.854Z] 💓 SERVER HEARTBEAT - Listening on port 5000
[2026-02-02T22:59:05.351Z] 💓 SERVER HEARTBEAT - Listening on port 5000
[2026-02-02T22:59:05.351Z] 💓 SERVER HEARTBEAT - Listening on port 5000
[2026-02-02T22:59:05.366Z] 💓 SERVER HEARTBEAT - Listening on port 5000
[2026-02-02T22:59:05.381Z] 💓 SERVER HEARTBEAT - Listening on port 5000
[2026-02-02T22:59:05.396Z] 💓 SERVER HEARTBEAT - Listening on port 5000
[2026-02-02T22:59:05.426Z] 💓 SERVER HEARTBEAT - Listening on port 5000
[2026-02-02T22:59:05.444Z] 💓 SERVER HEARTBEAT - Listening on port 5000
[2026-02-02T22:59:05.473Z] 💓 SERVER HEARTBEAT - Listening on port 5000
[2026-02-02T22:59:05.612Z] 💓 SERVER HEARTBEAT - Listening on port 5000
[2026-02-02T22:59:05.706Z] 💓 SERVER HEARTBEAT - Listening on port 5000
[2026-02-02T22:59:08.862Z] 💓 SERVER HEARTBEAT - Listening on port 5000
[2026-02-02T22:59:10.351Z] 💓 SERVER HEARTBEAT - Listening on port 5000
[2026-02-02T22:59:10.351Z] 💓 SERVER HEARTBEAT - Listening on port 5000
[2026-02-02T22:59:10.382Z] 💓 SERVER HEARTBEAT - Listening on port 5000
[2026-02-02T22:59:10.382Z] 💓 SERVER HEARTBEAT - Listening on port 5000
[2026-02-02T22:59:10.398Z] 💓 SERVER HEARTBEAT - Listening on port 5000
[2026-02-02T22:59:10.430Z] 💓 SERVER HEARTBEAT - Listening on port 5000
[2026-02-02T22:59:10.445Z] 💓 SERVER HEARTBEAT - Listening on port 5000
[2026-02-02T22:59:10.477Z] 💓 SERVER HEARTBEAT - Listening on port 5000
[2026-02-02T22:59:10.616Z] 💓 SERVER HEARTBEAT - Listening on port 5000
[2026-02-02T22:59:10.711Z] 💓 SERVER HEARTBEAT - Listening on port 5000
[2026-02-02T22:59:13.867Z] 💓 SERVER HEARTBEAT - Listening on port 5000
[2026-02-02T22:59:14.728Z] MongoDB connected successfully
[2026-02-02T22:59:14.736Z] LegalEase backend running on port 5000
[2026-02-02T22:59:14.737Z] 📝 LOGGING TO: C:\Users\chira\OneDrive\Desktop\LegalEase2.0\Backend\server.log
[2026-02-02T22:59:15.362Z] 💓 SERVER HEARTBEAT - Listening on port 5000
[2026-02-02T22:59:15.363Z] 💓 SERVER HEARTBEAT - Listening on port 5000
[2026-02-02T22:59:15.394Z] 💓 SERVER HEARTBEAT - Listening on port 5000
[2026-02-02T22:59:15.393Z] 💓 SERVER HEARTBEAT - Listening on port 5000
[2026-02-02T22:59:15.409Z] 💓 SERVER HEARTBEAT - Listening on port 5000
[2026-02-02T22:59:15.441Z] 💓 SERVER HEARTBEAT - Listening on port 5000
[2026-02-02T22:59:15.457Z] 💓 SERVER HEARTBEAT - Listening on port 5000
[2026-02-02T22:59:15.488Z] 💓 SERVER HEARTBEAT - Listening on port 5000
[2026-02-02T22:59:15.627Z] 💓 SERVER HEARTBEAT - Listening on port 5000
[2026-02-02T22:59:15.719Z] 💓 SERVER HEARTBEAT - Listening on port 5000
[2026-02-02T22:59:15.766Z] 💓 SERVER HEARTBEAT - Listening on port 5000
[2026-02-02T22:59:18.868Z] 💓 SERVER HEARTBEAT - Listening on port 5000
[2026-02-02T22:59:20.368Z] 💓 SERVER HEARTBEAT - Listening on port 5000
[2026-02-02T22:59:20.368Z] 💓 SERVER HEARTBEAT - Listening on port 5000
[2026-02-02T22:59:20.399Z] 💓 SERVER HEARTBEAT - Listening on port 5000
[2026-02-02T22:59:20.398Z] 💓 SERVER HEARTBEAT - Listening on port 5000
[2026-02-02T22:59:20.414Z] 💓 SERVER HEARTBEAT - Listening on port 5000
[2026-02-02T22:59:20.445Z] 💓 SERVER HEARTBEAT - Listening on port 5000
[2026-02-02T22:59:20.462Z] 💓 SERVER HEARTBEAT - Listening on port 5000
[2026-02-02T22:59:20.492Z] 💓 SERVER HEARTBEAT - Listening on port 5000
[2026-02-02T22:59:20.632Z] 💓 SERVER HEARTBEAT - Listening on port 5000
[2026-02-02T22:59:20.726Z] 💓 SERVER HEARTBEAT - Listening on port 5000
[2026-02-02T22:59:20.772Z] 💓 SERVER HEARTBEAT - Listening on port 5000
[2026-02-02T22:59:23.880Z] 💓 SERVER HEARTBEAT - Listening on port 5000
[2026-02-02T22:59:25.382Z] 💓 SERVER HEARTBEAT - Listening on port 5000
[2026-02-02T22:59:25.383Z] 💓 SERVER HEARTBEAT - Listening on port 5000
[2026-02-02T22:59:25.413Z] 💓 SERVER HEARTBEAT - Listening on port 5000
[2026-02-02T22:59:25.413Z] 💓 SERVER HEARTBEAT - Listening on port 5000
[2026-02-02T22:59:25.429Z] 💓 SERVER HEARTBEAT - Listening on port 5000
[2026-02-02T22:59:25.459Z] 💓 SERVER HEARTBEAT - Listening on port 5000
[2026-02-02T22:59:25.476Z] 💓 SERVER HEARTBEAT - Listening on port 5000
[2026-02-02T22:59:25.507Z] 💓 SERVER HEARTBEAT - Listening on port 5000
[2026-02-02T22:59:25.632Z] 💓 SERVER HEARTBEAT - Listening on port 5000
[2026-02-02T22:59:25.726Z] 💓 SERVER HEARTBEAT - Listening on port 5000
[2026-02-02T22:59:25.788Z] 💓 SERVER HEARTBEAT - Listening on port 5000
[2026-02-02T22:59:28.882Z] 💓 SERVER HEARTBEAT - Listening on port 5000
[2026-02-02T22:59:30.392Z] 💓 SERVER HEARTBEAT - Listening on port 5000
[2026-02-02T22:59:30.392Z] 💓 SERVER HEARTBEAT - Listening on port 5000
[2026-02-02T22:59:30.423Z] 💓 SERVER HEARTBEAT - Listening on port 5000
[2026-02-02T22:59:30.423Z] 💓 SERVER HEARTBEAT - Listening on port 5000
[2026-02-02T22:59:30.438Z] 💓 SERVER HEARTBEAT - Listening on port 5000
[2026-02-02T22:59:30.469Z] 💓 SERVER HEARTBEAT - Listening on port 5000
[2026-02-02T22:59:30.485Z] 💓 SERVER HEARTBEAT - Listening on port 5000
[2026-02-02T22:59:30.516Z] 💓 SERVER HEARTBEAT - Listening on port 5000
[2026-02-02T22:59:30.642Z] 💓 SERVER HEARTBEAT - Listening on port 5000
[2026-02-02T22:59:30.735Z] 💓 SERVER HEARTBEAT - Listening on port 5000
[2026-02-02T22:59:30.797Z] 💓 SERVER HEARTBEAT - Listening on port 5000
[2026-02-02T22:59:33.890Z] 💓 SERVER HEARTBEAT - Listening on port 5000
[2026-02-02T22:59:35.393Z] 💓 SERVER HEARTBEAT - Listening on port 5000
[2026-02-02T22:59:35.393Z] 💓 SERVER HEARTBEAT - Listening on port 5000
[2026-02-02T22:59:35.424Z] 💓 SERVER HEARTBEAT - Listening on port 5000
[2026-02-02T22:59:35.425Z] 💓 SERVER HEARTBEAT - Listening on port 5000
[2026-02-02T22:59:35.440Z] 💓 SERVER HEARTBEAT - Listening on port 5000
[2026-02-02T22:59:35.470Z] 💓 SERVER HEARTBEAT - Listening on port 5000
[2026-02-02T22:59:35.486Z] 💓 SERVER HEARTBEAT - Listening on port 5000
[2026-02-02T22:59:35.517Z] 💓 SERVER HEARTBEAT - Listening on port 5000
[2026-02-02T22:59:35.656Z] 💓 SERVER HEARTBEAT - Listening on port 5000
[2026-02-02T22:59:35.735Z] 💓 SERVER HEARTBEAT - Listening on port 5000
[2026-02-02T22:59:35.797Z] 💓 SERVER HEARTBEAT - Listening on port 5000
[2026-02-02T22:59:38.894Z] 💓 SERVER HEARTBEAT - Listening on port 5000
[2026-02-02T22:59:40.397Z] 💓 SERVER HEARTBEAT - Listening on port 5000
[2026-02-02T22:59:40.398Z] 💓 SERVER HEARTBEAT - Listening on port 5000
[2026-02-02T22:59:40.429Z] 💓 SERVER HEARTBEAT - Listening on port 5000
[2026-02-02T22:59:40.429Z] 💓 SERVER HEARTBEAT - Listening on port 5000
[2026-02-02T22:59:40.444Z] 💓 SERVER HEARTBEAT - Listening on port 5000
[2026-02-02T22:59:40.476Z] 💓 SERVER HEARTBEAT - Listening on port 5000
[2026-02-02T22:59:40.492Z] 💓 SERVER HEARTBEAT - Listening on port 5000
[2026-02-02T22:59:40.523Z] 💓 SERVER HEARTBEAT - Listening on port 5000
[2026-02-02T22:59:40.664Z] 💓 SERVER HEARTBEAT - Listening on port 5000
[2026-02-02T22:59:40.744Z] 💓 SERVER HEARTBEAT - Listening on port 5000
[2026-02-02T22:59:40.806Z] 💓 SERVER HEARTBEAT - Listening on port 5000
[2026-02-02T22:59:43.898Z] 💓 SERVER HEARTBEAT - Listening on port 5000
[2026-02-02T22:59:45.411Z] 💓 SERVER HEARTBEAT - Listening on port 5000
[2026-02-02T22:59:45.411Z] 💓 SERVER HEARTBEAT - Listening on port 5000
[2026-02-02T22:59:45.443Z] 💓 SERVER HEARTBEAT - Listening on port 5000
[2026-02-02T22:59:45.443Z] 💓 SERVER HEARTBEAT - Listening on port 5000
[2026-02-02T22:59:45.459Z] 💓 SERVER HEARTBEAT - Listening on port 5000
[2026-02-02T22:59:45.493Z] 💓 SERVER HEARTBEAT - Listening on port 5000
[2026-02-02T22:59:45.506Z] 💓 SERVER HEARTBEAT - Listening on port 5000
[2026-02-02T22:59:45.524Z] 💓 SERVER HEARTBEAT - Listening on port 5000
[2026-02-02T22:59:45.676Z] 💓 SERVER HEARTBEAT - Listening on port 5000
[2026-02-02T22:59:45.754Z] 💓 SERVER HEARTBEAT - Listening on port 5000
[2026-02-02T22:59:45.816Z] 💓 SERVER HEARTBEAT - Listening on port 5000
[2026-02-02T22:59:48.910Z] 💓 SERVER HEARTBEAT - Listening on port 5000
[2026-02-02T22:59:50.420Z] 💓 SERVER HEARTBEAT - Listening on port 5000
[2026-02-02T22:59:50.420Z] 💓 SERVER HEARTBEAT - Listening on port 5000
[2026-02-02T22:59:50.451Z] 💓 SERVER HEARTBEAT - Listening on port 5000
[2026-02-02T22:59:50.451Z] 💓 SERVER HEARTBEAT - Listening on port 5000
[2026-02-02T22:59:50.468Z] 💓 SERVER HEARTBEAT - Listening on port 5000
[2026-02-02T22:59:50.499Z] 💓 SERVER HEARTBEAT - Listening on port 5000
[2026-02-02T22:59:50.516Z] 💓 SERVER HEARTBEAT - Listening on port 5000
[2026-02-02T22:59:50.531Z] 💓 SERVER HEARTBEAT - Listening on port 5000
[2026-02-02T22:59:50.687Z] 💓 SERVER HEARTBEAT - Listening on port 5000
[2026-02-02T22:59:50.766Z] 💓 SERVER HEARTBEAT - Listening on port 5000
[2026-02-02T22:59:50.827Z] 💓 SERVER HEARTBEAT - Listening on port 5000
[2026-02-02T22:59:53.923Z] 💓 SERVER HEARTBEAT - Listening on port 5000
[2026-02-02T22:59:55.428Z] 💓 SERVER HEARTBEAT - Listening on port 5000
[2026-02-02T22:59:55.428Z] 💓 SERVER HEARTBEAT - Listening on port 5000
[2026-02-02T22:59:55.459Z] 💓 SERVER HEARTBEAT - Listening on port 5000
[2026-02-02T22:59:55.458Z] 💓 SERVER HEARTBEAT - Listening on port 5000
[2026-02-02T22:59:55.474Z] 💓 SERVER HEARTBEAT - Listening on port 5000
[2026-02-02T22:59:55.504Z] 💓 SERVER HEARTBEAT - Listening on port 5000
[2026-02-02T22:59:55.520Z] 💓 SERVER HEARTBEAT - Listening on port 5000
[2026-02-02T22:59:55.536Z] 💓 SERVER HEARTBEAT - Listening on port 5000
[2026-02-02T22:59:55.693Z] 💓 SERVER HEARTBEAT - Listening on port 5000
[2026-02-02T22:59:55.772Z] 💓 SERVER HEARTBEAT - Listening on port 5000
[2026-02-02T22:59:55.833Z] 💓 SERVER HEARTBEAT - Listening on port 5000
[2026-02-02T22:59:58.937Z] 💓 SERVER HEARTBEAT - Listening on port 5000
[2026-02-02T22:59:59.946Z] 🌐 GLOBAL LOG: GET /api/auth/me
[2026-02-02T22:59:59.950Z] 🛡️ AUTH ROUTE RECEIVED: GET /me
[2026-02-02T22:59:59.952Z] 🔐 AUTH DEBUG:
[2026-02-02T22:59:59.952Z]   Token exists: false
[2026-02-02T22:59:59.953Z]   ❌ No token provided
[2026-02-02T23:00:00.429Z] 💓 SERVER HEARTBEAT - Listening on port 5000
[2026-02-02T23:00:00.429Z] 💓 SERVER HEARTBEAT - Listening on port 5000
[2026-02-02T23:00:00.460Z] 💓 SERVER HEARTBEAT - Listening on port 5000
[2026-02-02T23:00:00.460Z] 💓 SERVER HEARTBEAT - Listening on port 5000
[2026-02-02T23:00:00.476Z] 💓 SERVER HEARTBEAT - Listening on port 5000
[2026-02-02T23:00:00.506Z] 💓 SERVER HEARTBEAT - Listening on port 5000
[2026-02-02T23:00:00.522Z] 💓 SERVER HEARTBEAT - Listening on port 5000
[2026-02-02T23:00:00.537Z] 💓 SERVER HEARTBEAT - Listening on port 5000
[2026-02-02T23:00:00.708Z] 💓 SERVER HEARTBEAT - Listening on port 5000
[2026-02-02T23:00:00.786Z] 💓 SERVER HEARTBEAT - Listening on port 5000
[2026-02-02T23:00:00.846Z] 💓 SERVER HEARTBEAT - Listening on port 5000
[2026-02-02T23:00:03.945Z] 💓 SERVER HEARTBEAT - Listening on port 5000
[2026-02-02T23:00:05.440Z] 💓 SERVER HEARTBEAT - Listening on port 5000
[2026-02-02T23:00:05.440Z] 💓 SERVER HEARTBEAT - Listening on port 5000
[2026-02-02T23:00:05.471Z] 💓 SERVER HEARTBEAT - Listening on port 5000
[2026-02-02T23:00:05.471Z] 💓 SERVER HEARTBEAT - Listening on port 5000
[2026-02-02T23:00:05.486Z] 💓 SERVER HEARTBEAT - Listening on port 5000
[2026-02-02T23:00:05.517Z] 💓 SERVER HEARTBEAT - Listening on port 5000
[2026-02-02T23:00:05.533Z] 💓 SERVER HEARTBEAT - Listening on port 5000
[2026-02-02T23:00:05.551Z] 💓 SERVER HEARTBEAT - Listening on port 5000
[2026-02-02T23:00:05.720Z] 💓 SERVER HEARTBEAT - Listening on port 5000
[2026-02-02T23:00:05.797Z] 💓 SERVER HEARTBEAT - Listening on port 5000
[2026-02-02T23:00:05.831Z] 🌐 GLOBAL LOG: GET /api/auth/me
[2026-02-02T23:00:05.832Z] 🛡️ AUTH ROUTE RECEIVED: GET /me
[2026-02-02T23:00:05.833Z] 🔐 AUTH DEBUG:
[2026-02-02T23:00:05.834Z]   Token exists: false
[2026-02-02T23:00:05.834Z]   ❌ No token provided
[2026-02-02T23:00:05.858Z] 💓 SERVER HEARTBEAT - Listening on port 5000
[2026-02-02T23:00:08.955Z] 💓 SERVER HEARTBEAT - Listening on port 5000
[2026-02-02T23:00:10.443Z] 💓 SERVER HEARTBEAT - Listening on port 5000
[2026-02-02T23:00:10.443Z] 💓 SERVER HEARTBEAT - Listening on port 5000
[2026-02-02T23:00:10.473Z] 💓 SERVER HEARTBEAT - Listening on port 5000
[2026-02-02T23:00:10.474Z] 💓 SERVER HEARTBEAT - Listening on port 5000
[2026-02-02T23:00:10.489Z] 💓 SERVER HEARTBEAT - Listening on port 5000
[2026-02-02T23:00:10.520Z] 💓 SERVER HEARTBEAT - Listening on port 5000
[2026-02-02T23:00:10.535Z] 💓 SERVER HEARTBEAT - Listening on port 5000
[2026-02-02T23:00:10.552Z] 💓 SERVER HEARTBEAT - Listening on port 5000
[2026-02-02T23:00:10.724Z] 💓 SERVER HEARTBEAT - Listening on port 5000
[2026-02-02T23:00:10.802Z] 💓 SERVER HEARTBEAT - Listening on port 5000
[2026-02-02T23:00:10.866Z] 💓 SERVER HEARTBEAT - Listening on port 5000
[2026-02-02T23:00:13.961Z] 💓 SERVER HEARTBEAT - Listening on port 5000
[2026-02-02T23:00:15.443Z] 💓 SERVER HEARTBEAT - Listening on port 5000
[2026-02-02T23:00:15.459Z] 💓 SERVER HEARTBEAT - Listening on port 5000
[2026-02-02T23:00:15.474Z] 💓 SERVER HEARTBEAT - Listening on port 5000
[2026-02-02T23:00:15.488Z] 💓 SERVER HEARTBEAT - Listening on port 5000
[2026-02-02T23:00:15.503Z] 💓 SERVER HEARTBEAT - Listening on port 5000
[2026-02-02T23:00:15.534Z] 💓 SERVER HEARTBEAT - Listening on port 5000
[2026-02-02T23:00:15.550Z] 💓 SERVER HEARTBEAT - Listening on port 5000
[2026-02-02T23:00:15.566Z] 💓 SERVER HEARTBEAT - Listening on port 5000
[2026-02-02T23:00:15.738Z] 💓 SERVER HEARTBEAT - Listening on port 5000
[2026-02-02T23:00:15.816Z] 💓 SERVER HEARTBEAT - Listening on port 5000
[2026-02-02T23:00:15.877Z] 💓 SERVER HEARTBEAT - Listening on port 5000
[2026-02-02T23:00:18.972Z] 💓 SERVER HEARTBEAT - Listening on port 5000
[2026-02-02T23:00:20.454Z] 💓 SERVER HEARTBEAT - Listening on port 5000
[2026-02-02T23:00:20.470Z] 💓 SERVER HEARTBEAT - Listening on port 5000
[2026-02-02T23:00:20.486Z] 💓 SERVER HEARTBEAT - Listening on port 5000
[2026-02-02T23:00:20.502Z] 💓 SERVER HEARTBEAT - Listening on port 5000
[2026-02-02T23:00:20.517Z] 💓 SERVER HEARTBEAT - Listening on port 5000
[2026-02-02T23:00:20.548Z] 💓 SERVER HEARTBEAT - Listening on port 5000
[2026-02-02T23:00:20.563Z] 💓 SERVER HEARTBEAT - Listening on port 5000
[2026-02-02T23:00:20.579Z] 💓 SERVER HEARTBEAT - Listening on port 5000
[2026-02-02T23:00:20.750Z] 💓 SERVER HEARTBEAT - Listening on port 5000
[2026-02-02T23:00:20.829Z] 💓 SERVER HEARTBEAT - Listening on port 5000
[2026-02-02T23:00:20.891Z] 💓 SERVER HEARTBEAT - Listening on port 5000
[2026-02-02T23:00:23.978Z] 💓 SERVER HEARTBEAT - Listening on port 5000
[2026-02-02T23:00:25.460Z] 💓 SERVER HEARTBEAT - Listening on port 5000
[2026-02-02T23:00:25.477Z] 💓 SERVER HEARTBEAT - Listening on port 5000
[2026-02-02T23:00:25.493Z] 💓 SERVER HEARTBEAT - Listening on port 5000
[2026-02-02T23:00:25.508Z] 💓 SERVER HEARTBEAT - Listening on port 5000
[2026-02-02T23:00:25.523Z] 💓 SERVER HEARTBEAT - Listening on port 5000
[2026-02-02T23:00:25.554Z] 💓 SERVER HEARTBEAT - Listening on port 5000
[2026-02-02T23:00:25.569Z] 💓 SERVER HEARTBEAT - Listening on port 5000
[2026-02-02T23:00:25.584Z] 💓 SERVER HEARTBEAT - Listening on port 5000
[2026-02-02T23:00:25.755Z] 💓 SERVER HEARTBEAT - Listening on port 5000
[2026-02-02T23:00:25.832Z] 💓 SERVER HEARTBEAT - Listening on port 5000
[2026-02-02T23:00:25.894Z] 💓 SERVER HEARTBEAT - Listening on port 5000
[2026-02-02T23:00:26.247Z] 🌐 GLOBAL LOG: OPTIONS /api/auth/register
[2026-02-02T23:00:26.253Z] 🌐 GLOBAL LOG: POST /api/auth/register
[2026-02-02T23:00:26.287Z] 🛡️ AUTH ROUTE RECEIVED: POST /register
[2026-02-02T23:00:26.288Z]    Body: {
  "name": "dinu",
  "email": "dinuuu@m.com",
  "password": "00000000"
}
[2026-02-02T23:00:26.293Z] ⚡ REGISTER ENDPOINT HIT - Processing request for: dinuuu@m.com
[2026-02-02T23:00:26.529Z] 

==================================================
[2026-02-02T23:00:26.529Z] 🔑 OTP FOR VERIFICATION: 485324
[2026-02-02T23:00:26.529Z] ==================================================


[2026-02-02T23:00:28.989Z] 💓 SERVER HEARTBEAT - Listening on port 5000
[2026-02-02T23:00:30.469Z] 💓 SERVER HEARTBEAT - Listening on port 5000
[2026-02-02T23:00:30.484Z] 💓 SERVER HEARTBEAT - Listening on port 5000
[2026-02-02T23:00:30.500Z] 💓 SERVER HEARTBEAT - Listening on port 5000
[2026-02-02T23:00:30.516Z] 💓 SERVER HEARTBEAT - Listening on port 5000
[2026-02-02T23:00:30.531Z] 💓 SERVER HEARTBEAT - Listening on port 5000
[2026-02-02T23:00:30.561Z] 💓 SERVER HEARTBEAT - Listening on port 5000
[2026-02-02T23:00:30.577Z] 💓 SERVER HEARTBEAT - Listening on port 5000
[2026-02-02T23:00:30.593Z] 💓 SERVER HEARTBEAT - Listening on port 5000
[2026-02-02T23:00:30.764Z] 💓 SERVER HEARTBEAT - Listening on port 5000
[2026-02-02T23:00:30.840Z] 💓 SERVER HEARTBEAT - Listening on port 5000
[2026-02-02T23:00:30.901Z] 💓 SERVER HEARTBEAT - Listening on port 5000
[2026-02-02T23:00:33.993Z] 💓 SERVER HEARTBEAT - Listening on port 5000
[2026-02-02T23:00:35.479Z] 💓 SERVER HEARTBEAT - Listening on port 5000
[2026-02-02T23:00:35.495Z] 💓 SERVER HEARTBEAT - Listening on port 5000
[2026-02-02T23:00:35.510Z] 💓 SERVER HEARTBEAT - Listening on port 5000
[2026-02-02T23:00:35.527Z] 💓 SERVER HEARTBEAT - Listening on port 5000
[2026-02-02T23:00:35.542Z] 💓 SERVER HEARTBEAT - Listening on port 5000
[2026-02-02T23:00:35.574Z] 💓 SERVER HEARTBEAT - Listening on port 5000
[2026-02-02T23:00:35.588Z] 💓 SERVER HEARTBEAT - Listening on port 5000
[2026-02-02T23:00:35.603Z] 💓 SERVER HEARTBEAT - Listening on port 5000
[2026-02-02T23:00:35.774Z] 💓 SERVER HEARTBEAT - Listening on port 5000
[2026-02-02T23:00:35.853Z] 💓 SERVER HEARTBEAT - Listening on port 5000
[2026-02-02T23:00:35.914Z] 💓 SERVER HEARTBEAT - Listening on port 5000
[2026-02-02T23:00:39.007Z] 💓 SERVER HEARTBEAT - Listening on port 5000
[2026-02-02T23:00:40.493Z] 💓 SERVER HEARTBEAT - Listening on port 5000
[2026-02-02T23:00:40.509Z] 💓 SERVER HEARTBEAT - Listening on port 5000
[2026-02-02T23:00:40.525Z] 💓 SERVER HEARTBEAT - Listening on port 5000
[2026-02-02T23:00:40.540Z] 💓 SERVER HEARTBEAT - Listening on port 5000
[2026-02-02T23:00:40.556Z] 💓 SERVER HEARTBEAT - Listening on port 5000
[2026-02-02T23:00:40.586Z] 💓 SERVER HEARTBEAT - Listening on port 5000
[2026-02-02T23:00:40.603Z] 💓 SERVER HEARTBEAT - Listening on port 5000
[2026-02-02T23:00:40.603Z] 💓 SERVER HEARTBEAT - Listening on port 5000
[2026-02-02T23:00:40.774Z] 💓 SERVER HEARTBEAT - Listening on port 5000
[2026-02-02T23:00:40.867Z] 💓 SERVER HEARTBEAT - Listening on port 5000
[2026-02-02T23:00:40.928Z] 💓 SERVER HEARTBEAT - Listening on port 5000
[2026-02-02T23:00:44.017Z] 💓 SERVER HEARTBEAT - Listening on port 5000
[2026-02-02T23:00:45.498Z] 💓 SERVER HEARTBEAT - Listening on port 5000
[2026-02-02T23:00:45.514Z] 💓 SERVER HEARTBEAT - Listening on port 5000
[2026-02-02T23:00:45.529Z] 💓 SERVER HEARTBEAT - Listening on port 5000
[2026-02-02T23:00:45.545Z] 💓 SERVER HEARTBEAT - Listening on port 5000
[2026-02-02T23:00:45.562Z] 💓 SERVER HEARTBEAT - Listening on port 5000
[2026-02-02T23:00:45.592Z] 💓 SERVER HEARTBEAT - Listening on port 5000
[2026-02-02T23:00:45.607Z] 💓 SERVER HEARTBEAT - Listening on port 5000
[2026-02-02T23:00:45.608Z] 💓 SERVER HEARTBEAT - Listening on port 5000
[2026-02-02T23:00:45.778Z] 💓 SERVER HEARTBEAT - Listening on port 5000
[2026-02-02T23:00:45.872Z] 💓 SERVER HEARTBEAT - Listening on port 5000
[2026-02-02T23:00:45.934Z] 💓 SERVER HEARTBEAT - Listening on port 5000
[2026-02-02T23:00:49.028Z] 💓 SERVER HEARTBEAT - Listening on port 5000
[2026-02-02T23:00:50.509Z] 💓 SERVER HEARTBEAT - Listening on port 5000
[2026-02-02T23:00:50.524Z] 💓 SERVER HEARTBEAT - Listening on port 5000
[2026-02-02T23:00:50.539Z] 💓 SERVER HEARTBEAT - Listening on port 5000
[2026-02-02T23:00:50.555Z] 💓 SERVER HEARTBEAT - Listening on port 5000
[2026-02-02T23:00:50.570Z] 💓 SERVER HEARTBEAT - Listening on port 5000
[2026-02-02T23:00:50.601Z] 💓 SERVER HEARTBEAT - Listening on port 5000
[2026-02-02T23:00:50.617Z] 💓 SERVER HEARTBEAT - Listening on port 5000
[2026-02-02T23:00:50.616Z] 💓 SERVER HEARTBEAT - Listening on port 5000
[2026-02-02T23:00:50.789Z] 💓 SERVER HEARTBEAT - Listening on port 5000
[2026-02-02T23:00:50.894Z] 💓 SERVER HEARTBEAT - Listening on port 5000
[2026-02-02T23:00:50.944Z] 💓 SERVER HEARTBEAT - Listening on port 5000
[2026-02-02T23:00:54.039Z] 💓 SERVER HEARTBEAT - Listening on port 5000
[2026-02-02T23:00:55.510Z] 💓 SERVER HEARTBEAT - Listening on port 5000
[2026-02-02T23:00:55.525Z] 💓 SERVER HEARTBEAT - Listening on port 5000
[2026-02-02T23:00:55.542Z] 💓 SERVER HEARTBEAT - Listening on port 5000
[2026-02-02T23:00:55.557Z] 💓 SERVER HEARTBEAT - Listening on port 5000
[2026-02-02T23:00:55.573Z] 💓 SERVER HEARTBEAT - Listening on port 5000
[2026-02-02T23:00:55.604Z] 💓 SERVER HEARTBEAT - Listening on port 5000
[2026-02-02T23:00:55.620Z] 💓 SERVER HEARTBEAT - Listening on port 5000
[2026-02-02T23:00:55.619Z] 💓 SERVER HEARTBEAT - Listening on port 5000
[2026-02-02T23:00:55.789Z] 💓 SERVER HEARTBEAT - Listening on port 5000
[2026-02-02T23:00:55.899Z] 💓 SERVER HEARTBEAT - Listening on port 5000
[2026-02-02T23:00:55.946Z] 💓 SERVER HEARTBEAT - Listening on port 5000
[2026-02-02T23:00:59.048Z] 💓 SERVER HEARTBEAT - Listening on port 5000
[2026-02-02T23:01:00.525Z] 💓 SERVER HEARTBEAT - Listening on port 5000
[2026-02-02T23:01:00.540Z] 💓 SERVER HEARTBEAT - Listening on port 5000
[2026-02-02T23:01:00.556Z] 💓 SERVER HEARTBEAT - Listening on port 5000
[2026-02-02T23:01:00.571Z] 💓 SERVER HEARTBEAT - Listening on port 5000
[2026-02-02T23:01:00.587Z] 💓 SERVER HEARTBEAT - Listening on port 5000
[2026-02-02T23:01:00.618Z] 💓 SERVER HEARTBEAT - Listening on port 5000
[2026-02-02T23:01:00.634Z] 💓 SERVER HEARTBEAT - Listening on port 5000
[2026-02-02T23:01:00.633Z] 💓 SERVER HEARTBEAT - Listening on port 5000
[2026-02-02T23:01:00.789Z] 💓 SERVER HEARTBEAT - Listening on port 5000
[2026-02-02T23:01:00.912Z] 💓 SERVER HEARTBEAT - Listening on port 5000
[2026-02-02T23:01:00.958Z] 💓 SERVER HEARTBEAT - Listening on port 5000
[2026-02-02T23:01:04.051Z] 💓 SERVER HEARTBEAT - Listening on port 5000
[2026-02-02T23:01:05.536Z] 💓 SERVER HEARTBEAT - Listening on port 5000
[2026-02-02T23:01:05.553Z] 💓 SERVER HEARTBEAT - Listening on port 5000
[2026-02-02T23:01:05.567Z] 💓 SERVER HEARTBEAT - Listening on port 5000
[2026-02-02T23:01:05.583Z] 💓 SERVER HEARTBEAT - Listening on port 5000
[2026-02-02T23:01:05.599Z] 💓 SERVER HEARTBEAT - Listening on port 5000
[2026-02-02T23:01:05.631Z] 💓 SERVER HEARTBEAT - Listening on port 5000
[2026-02-02T23:01:05.647Z] 💓 SERVER HEARTBEAT - Listening on port 5000
[2026-02-02T23:01:05.647Z] 💓 SERVER HEARTBEAT - Listening on port 5000
[2026-02-02T23:01:05.802Z] 💓 SERVER HEARTBEAT - Listening on port 5000
[2026-02-02T23:01:05.912Z] 💓 SERVER HEARTBEAT - Listening on port 5000
[2026-02-02T23:01:05.959Z] 💓 SERVER HEARTBEAT - Listening on port 5000
[2026-02-02T23:01:09.063Z] 💓 SERVER HEARTBEAT - Listening on port 5000
[2026-02-02T23:01:10.548Z] 💓 SERVER HEARTBEAT - Listening on port 5000
[2026-02-02T23:01:10.563Z] 💓 SERVER HEARTBEAT - Listening on port 5000
[2026-02-02T23:01:10.578Z] 💓 SERVER HEARTBEAT - Listening on port 5000
[2026-02-02T23:01:10.594Z] 💓 SERVER HEARTBEAT - Listening on port 5000
[2026-02-02T23:01:10.609Z] 💓 SERVER HEARTBEAT - Listening on port 5000
[2026-02-02T23:01:10.640Z] 💓 SERVER HEARTBEAT - Listening on port 5000
[2026-02-02T23:01:10.656Z] 💓 SERVER HEARTBEAT - Listening on port 5000
[2026-02-02T23:01:10.656Z] 💓 SERVER HEARTBEAT - Listening on port 5000
[2026-02-02T23:01:10.810Z] 💓 SERVER HEARTBEAT - Listening on port 5000
[2026-02-02T23:01:10.919Z] 💓 SERVER HEARTBEAT - Listening on port 5000
[2026-02-02T23:01:10.966Z] 💓 SERVER HEARTBEAT - Listening on port 5000
[2026-02-02T23:01:14.078Z] 💓 SERVER HEARTBEAT - Listening on port 5000
[2026-02-02T23:01:15.552Z] 💓 SERVER HEARTBEAT - Listening on port 5000
[2026-02-02T23:01:15.568Z] 💓 SERVER HEARTBEAT - Listening on port 5000
[2026-02-02T23:01:15.584Z] 💓 SERVER HEARTBEAT - Listening on port 5000
[2026-02-02T23:01:15.599Z] 💓 SERVER HEARTBEAT - Listening on port 5000
[2026-02-02T23:01:15.615Z] 💓 SERVER HEARTBEAT - Listening on port 5000
[2026-02-02T23:01:15.646Z] 💓 SERVER HEARTBEAT - Listening on port 5000
[2026-02-02T23:01:15.663Z] 💓 SERVER HEARTBEAT - Listening on port 5000
[2026-02-02T23:01:15.664Z] 💓 SERVER HEARTBEAT - Listening on port 5000
[2026-02-02T23:01:15.816Z] 💓 SERVER HEARTBEAT - Listening on port 5000
[2026-02-02T23:01:15.927Z] 💓 SERVER HEARTBEAT - Listening on port 5000
[2026-02-02T23:01:15.974Z] 💓 SERVER HEARTBEAT - Listening on port 5000
[2026-02-02T23:01:19.091Z] 💓 SERVER HEARTBEAT - Listening on port 5000
[2026-02-02T23:01:20.566Z] 💓 SERVER HEARTBEAT - Listening on port 5000
[2026-02-02T23:01:20.581Z] 💓 SERVER HEARTBEAT - Listening on port 5000
[2026-02-02T23:01:20.597Z] 💓 SERVER HEARTBEAT - Listening on port 5000
[2026-02-02T23:01:20.613Z] 💓 SERVER HEARTBEAT - Listening on port 5000
[2026-02-02T23:01:20.629Z] 💓 SERVER HEARTBEAT - Listening on port 5000
[2026-02-02T23:01:20.660Z] 💓 SERVER HEARTBEAT - Listening on port 5000
[2026-02-02T23:01:20.676Z] 💓 SERVER HEARTBEAT - Listening on port 5000
[2026-02-02T23:01:20.676Z] 💓 SERVER HEARTBEAT - Listening on port 5000
[2026-02-02T23:01:20.831Z] 💓 SERVER HEARTBEAT - Listening on port 5000
[2026-02-02T23:01:20.940Z] 💓 SERVER HEARTBEAT - Listening on port 5000
[2026-02-02T23:01:20.986Z] 💓 SERVER HEARTBEAT - Listening on port 5000
[2026-02-02T23:01:24.092Z] 💓 SERVER HEARTBEAT - Listening on port 5000
[2026-02-02T23:01:25.569Z] 💓 SERVER HEARTBEAT - Listening on port 5000
[2026-02-02T23:01:25.586Z] 💓 SERVER HEARTBEAT - Listening on port 5000
[2026-02-02T23:01:25.602Z] 💓 SERVER HEARTBEAT - Listening on port 5000
[2026-02-02T23:01:25.618Z] 💓 SERVER HEARTBEAT - Listening on port 5000
[2026-02-02T23:01:25.634Z] 💓 SERVER HEARTBEAT - Listening on port 5000
[2026-02-02T23:01:25.664Z] 💓 SERVER HEARTBEAT - Listening on port 5000
[2026-02-02T23:01:25.680Z] 💓 SERVER HEARTBEAT - Listening on port 5000
[2026-02-02T23:01:25.680Z] 💓 SERVER HEARTBEAT - Listening on port 5000
[2026-02-02T23:01:25.835Z] 💓 SERVER HEARTBEAT - Listening on port 5000
[2026-02-02T23:01:25.946Z] 💓 SERVER HEARTBEAT - Listening on port 5000
[2026-02-02T23:01:25.993Z] 💓 SERVER HEARTBEAT - Listening on port 5000
[2026-02-02T23:01:29.096Z] 💓 SERVER HEARTBEAT - Listening on port 5000
[2026-02-02T23:01:30.569Z] 💓 SERVER HEARTBEAT - Listening on port 5000
[2026-02-02T23:01:30.600Z] 💓 SERVER HEARTBEAT - Listening on port 5000
[2026-02-02T23:01:30.616Z] 💓 SERVER HEARTBEAT - Listening on port 5000
[2026-02-02T23:01:30.631Z] 💓 SERVER HEARTBEAT - Listening on port 5000
[2026-02-02T23:01:30.647Z] 💓 SERVER HEARTBEAT - Listening on port 5000
[2026-02-02T23:01:30.678Z] 💓 SERVER HEARTBEAT - Listening on port 5000
[2026-02-02T23:01:30.694Z] 💓 SERVER HEARTBEAT - Listening on port 5000
[2026-02-02T23:01:30.694Z] 💓 SERVER HEARTBEAT - Listening on port 5000
[2026-02-02T23:01:30.849Z] 💓 SERVER HEARTBEAT - Listening on port 5000
[2026-02-02T23:01:30.959Z] 💓 SERVER HEARTBEAT - Listening on port 5000
[2026-02-02T23:01:31.006Z] 💓 SERVER HEARTBEAT - Listening on port 5000
[2026-02-02T23:01:34.106Z] 💓 SERVER HEARTBEAT - Listening on port 5000
[2026-02-02T23:01:35.581Z] 💓 SERVER HEARTBEAT - Listening on port 5000
[2026-02-02T23:01:35.613Z] 💓 SERVER HEARTBEAT - Listening on port 5000
[2026-02-02T23:01:35.628Z] 💓 SERVER HEARTBEAT - Listening on port 5000
[2026-02-02T23:01:35.644Z] 💓 SERVER HEARTBEAT - Listening on port 5000
[2026-02-02T23:01:35.659Z] 💓 SERVER HEARTBEAT - Listening on port 5000
[2026-02-02T23:01:35.691Z] 💓 SERVER HEARTBEAT - Listening on port 5000
[2026-02-02T23:01:35.709Z] 💓 SERVER HEARTBEAT - Listening on port 5000
[2026-02-02T23:01:35.709Z] 💓 SERVER HEARTBEAT - Listening on port 5000
[2026-02-02T23:01:35.863Z] 💓 SERVER HEARTBEAT - Listening on port 5000
[2026-02-02T23:01:35.971Z] 💓 SERVER HEARTBEAT - Listening on port 5000
[2026-02-02T23:01:36.017Z] 💓 SERVER HEARTBEAT - Listening on port 5000
[2026-02-02T23:01:39.117Z] 💓 SERVER HEARTBEAT - Listening on port 5000
[2026-02-02T23:01:40.583Z] 💓 SERVER HEARTBEAT - Listening on port 5000
[2026-02-02T23:01:40.613Z] 💓 SERVER HEARTBEAT - Listening on port 5000
[2026-02-02T23:01:40.629Z] 💓 SERVER HEARTBEAT - Listening on port 5000
[2026-02-02T23:01:40.644Z] 💓 SERVER HEARTBEAT - Listening on port 5000
[2026-02-02T23:01:40.659Z] 💓 SERVER HEARTBEAT - Listening on port 5000
[2026-02-02T23:01:40.707Z] 💓 SERVER HEARTBEAT - Listening on port 5000
[2026-02-02T23:01:40.722Z] 💓 SERVER HEARTBEAT - Listening on port 5000
[2026-02-02T23:01:40.722Z] 💓 SERVER HEARTBEAT - Listening on port 5000
[2026-02-02T23:01:40.880Z] 💓 SERVER HEARTBEAT - Listening on port 5000
[2026-02-02T23:01:40.974Z] 💓 SERVER HEARTBEAT - Listening on port 5000
[2026-02-02T23:01:41.021Z] 💓 SERVER HEARTBEAT - Listening on port 5000
[2026-02-02T23:01:44.129Z] 💓 SERVER HEARTBEAT - Listening on port 5000
[2026-02-02T23:01:45.592Z] 💓 SERVER HEARTBEAT - Listening on port 5000
[2026-02-02T23:01:45.625Z] 💓 SERVER HEARTBEAT - Listening on port 5000
[2026-02-02T23:01:45.642Z] 💓 SERVER HEARTBEAT - Listening on port 5000
[2026-02-02T23:01:45.656Z] 💓 SERVER HEARTBEAT - Listening on port 5000
[2026-02-02T23:01:45.672Z] 💓 SERVER HEARTBEAT - Listening on port 5000
[2026-02-02T23:01:45.718Z] 💓 SERVER HEARTBEAT - Listening on port 5000
[2026-02-02T23:01:45.734Z] 💓 SERVER HEARTBEAT - Listening on port 5000
[2026-02-02T23:01:45.734Z] 💓 SERVER HEARTBEAT - Listening on port 5000
[2026-02-02T23:01:45.889Z] 💓 SERVER HEARTBEAT - Listening on port 5000
[2026-02-02T23:01:45.985Z] 💓 SERVER HEARTBEAT - Listening on port 5000
[2026-02-02T23:01:46.032Z] 💓 SERVER HEARTBEAT - Listening on port 5000
[2026-02-02T23:01:49.138Z] 💓 SERVER HEARTBEAT - Listening on port 5000
[2026-02-02T23:01:50.597Z] 💓 SERVER HEARTBEAT - Listening on port 5000
[2026-02-02T23:01:50.628Z] 💓 SERVER HEARTBEAT - Listening on port 5000
[2026-02-02T23:01:50.643Z] 💓 SERVER HEARTBEAT - Listening on port 5000
[2026-02-02T23:01:50.659Z] 💓 SERVER HEARTBEAT - Listening on port 5000
[2026-02-02T23:01:50.675Z] 💓 SERVER HEARTBEAT - Listening on port 5000
[2026-02-02T23:01:50.722Z] 💓 SERVER HEARTBEAT - Listening on port 5000
[2026-02-02T23:01:50.739Z] 💓 SERVER HEARTBEAT - Listening on port 5000
[2026-02-02T23:01:50.739Z] 💓 SERVER HEARTBEAT - Listening on port 5000
[2026-02-02T23:01:50.896Z] 💓 SERVER HEARTBEAT - Listening on port 5000
[2026-02-02T23:01:50.987Z] 💓 SERVER HEARTBEAT - Listening on port 5000
[2026-02-02T23:01:51.035Z] 💓 SERVER HEARTBEAT - Listening on port 5000
[2026-02-02T23:01:54.144Z] 💓 SERVER HEARTBEAT - Listening on port 5000
[2026-02-02T23:01:55.603Z] 💓 SERVER HEARTBEAT - Listening on port 5000
[2026-02-02T23:01:55.634Z] 💓 SERVER HEARTBEAT - Listening on port 5000
[2026-02-02T23:01:55.650Z] 💓 SERVER HEARTBEAT - Listening on port 5000
[2026-02-02T23:01:55.669Z] 💓 SERVER HEARTBEAT - Listening on port 5000
[2026-02-02T23:01:55.681Z] 💓 SERVER HEARTBEAT - Listening on port 5000
[2026-02-02T23:01:55.727Z] 💓 SERVER HEARTBEAT - Listening on port 5000
[2026-02-02T23:01:55.744Z] 💓 SERVER HEARTBEAT - Listening on port 5000
[2026-02-02T23:01:55.744Z] 💓 SERVER HEARTBEAT - Listening on port 5000
[2026-02-02T23:01:55.899Z] 💓 SERVER HEARTBEAT - Listening on port 5000
[2026-02-02T23:01:55.993Z] 💓 SERVER HEARTBEAT - Listening on port 5000
[2026-02-02T23:01:56.041Z] 💓 SERVER HEARTBEAT - Listening on port 5000
[2026-02-02T23:01:59.148Z] 💓 SERVER HEARTBEAT - Listening on port 5000
[2026-02-02T23:02:00.616Z] 💓 SERVER HEARTBEAT - Listening on port 5000
[2026-02-02T23:02:00.648Z] 💓 SERVER HEARTBEAT - Listening on port 5000
[2026-02-02T23:02:00.663Z] 💓 SERVER HEARTBEAT - Listening on port 5000
[2026-02-02T23:02:00.679Z] 💓 SERVER HEARTBEAT - Listening on port 5000
[2026-02-02T23:02:00.694Z] 💓 SERVER HEARTBEAT - Listening on port 5000
[2026-02-02T23:02:00.742Z] 💓 SERVER HEARTBEAT - Listening on port 5000
[2026-02-02T23:02:00.758Z] 💓 SERVER HEARTBEAT - Listening on port 5000
[2026-02-02T23:02:00.758Z] 💓 SERVER HEARTBEAT - Listening on port 5000
[2026-02-02T23:02:00.914Z] 💓 SERVER HEARTBEAT - Listening on port 5000
[2026-02-02T23:02:01.006Z] 💓 SERVER HEARTBEAT - Listening on port 5000
[2026-02-02T23:02:04.160Z] 💓 SERVER HEARTBEAT - Listening on port 5000
[2026-02-02T23:02:05.628Z] 💓 SERVER HEARTBEAT - Listening on port 5000
[2026-02-02T23:02:05.660Z] 💓 SERVER HEARTBEAT - Listening on port 5000
[2026-02-02T23:02:05.675Z] 💓 SERVER HEARTBEAT - Listening on port 5000
[2026-02-02T23:02:05.690Z] 💓 SERVER HEARTBEAT - Listening on port 5000
[2026-02-02T23:02:05.705Z] 💓 SERVER HEARTBEAT - Listening on port 5000
[2026-02-02T23:02:05.752Z] 💓 SERVER HEARTBEAT - Listening on port 5000
[2026-02-02T23:02:05.768Z] 💓 SERVER HEARTBEAT - Listening on port 5000
[2026-02-02T23:02:05.768Z] 💓 SERVER HEARTBEAT - Listening on port 5000
[2026-02-02T23:02:05.923Z] 💓 SERVER HEARTBEAT - Listening on port 5000
[2026-02-02T23:02:06.016Z] 💓 SERVER HEARTBEAT - Listening on port 5000
[2026-02-02T23:02:09.168Z] 💓 SERVER HEARTBEAT - Listening on port 5000
[2026-02-02T23:02:10.633Z] 💓 SERVER HEARTBEAT - Listening on port 5000
[2026-02-02T23:02:10.666Z] 💓 SERVER HEARTBEAT - Listening on port 5000
[2026-02-02T23:02:10.682Z] 💓 SERVER HEARTBEAT - Listening on port 5000
[2026-02-02T23:02:10.698Z] 💓 SERVER HEARTBEAT - Listening on port 5000
[2026-02-02T23:02:10.713Z] 💓 SERVER HEARTBEAT - Listening on port 5000
[2026-02-02T23:02:10.759Z] 💓 SERVER HEARTBEAT - Listening on port 5000
[2026-02-02T23:02:10.775Z] 💓 SERVER HEARTBEAT - Listening on port 5000
[2026-02-02T23:02:10.775Z] 💓 SERVER HEARTBEAT - Listening on port 5000
[2026-02-02T23:02:10.928Z] 💓 SERVER HEARTBEAT - Listening on port 5000
[2026-02-02T23:02:11.021Z] 💓 SERVER HEARTBEAT - Listening on port 5000
[2026-02-03T07:27:55.307Z] 💓 SERVER HEARTBEAT - Listening on port 5000
[2026-02-03T07:28:00.319Z] 💓 SERVER HEARTBEAT - Listening on port 5000
[2026-02-03T07:28:02.404Z] MongoDB connected successfully
[2026-02-03T07:28:02.411Z] LegalEase backend running on port 5000
[2026-02-03T07:28:02.411Z] 📝 LOGGING TO: C:\Users\chira\OneDrive\Desktop\LegalEase2.0\Backend\server.log
[2026-02-03T07:28:05.330Z] 💓 SERVER HEARTBEAT - Listening on port 5000
[2026-02-03T07:28:08.672Z] 🌐 GLOBAL LOG: GET /api/auth/me
[2026-02-03T07:28:08.674Z] 🛡️ AUTH ROUTE RECEIVED: GET /me
[2026-02-03T07:28:08.675Z] 🔐 AUTH DEBUG:
[2026-02-03T07:28:08.675Z]   Token exists: true
[2026-02-03T07:28:08.675Z]   Token preview: eyJhbGciOiJIUzI1NiIsInR5cCI6Ik...
[2026-02-03T07:28:08.679Z]   ✅ Token decoded: {"id":"698129f7dcd3cd4d1a66cf0e"}
[2026-02-03T07:28:08.736Z]   ✅ User found: {"id":"698129f7dcd3cd4d1a66cf0e","name":"chirru","role":"USER"}
[2026-02-03T07:28:10.339Z] 💓 SERVER HEARTBEAT - Listening on port 5000
[2026-02-03T07:28:14.829Z] 🌐 GLOBAL LOG: POST /api/auth/logout
[2026-02-03T07:28:14.830Z] 🛡️ AUTH ROUTE RECEIVED: POST /logout
[2026-02-03T07:28:14.830Z]    Body: 
[2026-02-03T07:28:15.349Z] 💓 SERVER HEARTBEAT - Listening on port 5000
[2026-02-03T07:28:20.362Z] 💓 SERVER HEARTBEAT - Listening on port 5000
[2026-02-03T07:28:25.364Z] 💓 SERVER HEARTBEAT - Listening on port 5000
[2026-02-03T07:28:30.366Z] 💓 SERVER HEARTBEAT - Listening on port 5000
[2026-02-03T07:28:32.292Z] 🌐 GLOBAL LOG: OPTIONS /api/auth/register
[2026-02-03T07:28:32.298Z] 🌐 GLOBAL LOG: POST /api/auth/register
[2026-02-03T07:28:32.329Z] 🛡️ AUTH ROUTE RECEIVED: POST /register
[2026-02-03T07:28:32.329Z]    Body: {
  "name": "Dinesh",
  "email": "Dinesh@gmail.com",
  "password": "00000000"
}
[2026-02-03T07:28:32.333Z] ⚡ REGISTER ENDPOINT HIT - Processing request for: Dinesh@gmail.com
[2026-02-03T07:28:32.543Z] 

==================================================
[2026-02-03T07:28:32.543Z] 🔑 OTP FOR VERIFICATION: 860142
[2026-02-03T07:28:32.544Z] ==================================================


[2026-02-03T07:28:35.373Z] 💓 SERVER HEARTBEAT - Listening on port 5000
[2026-02-03T07:28:40.386Z] 💓 SERVER HEARTBEAT - Listening on port 5000
[2026-02-03T07:28:45.394Z] 💓 SERVER HEARTBEAT - Listening on port 5000
[2026-02-03T07:28:54.400Z] 💓 SERVER HEARTBEAT - Listening on port 5000
[2026-02-03T07:28:54.453Z] 🌐 GLOBAL LOG: OPTIONS /api/auth/verify-otp
[2026-02-03T07:28:54.457Z] 🌐 GLOBAL LOG: POST /api/auth/verify-otp
[2026-02-03T07:28:54.458Z] 🛡️ AUTH ROUTE RECEIVED: POST /verify-otp
[2026-02-03T07:28:54.459Z]    Body: {
  "userId": "6981a3a0e95a361b64e49a12",
  "otp": "860142"
}
[2026-02-03T07:28:54.683Z] 🌐 GLOBAL LOG: GET /api/auth/me
[2026-02-03T07:28:54.684Z] 🛡️ AUTH ROUTE RECEIVED: GET /me
[2026-02-03T07:28:54.684Z] 🔐 AUTH DEBUG:
[2026-02-03T07:28:54.684Z]   Token exists: true
[2026-02-03T07:28:54.685Z]   Token preview: eyJhbGciOiJIUzI1NiIsInR5cCI6Ik...
[2026-02-03T07:28:54.686Z]   ✅ Token decoded: {"id":"6981a3a0e95a361b64e49a12"}
[2026-02-03T07:28:54.729Z]   ✅ User found: {"id":"6981a3a0e95a361b64e49a12","name":"Dinesh","role":"USER"}
[2026-02-03T07:28:59.414Z] 💓 SERVER HEARTBEAT - Listening on port 5000
[2026-02-03T07:29:04.426Z] 💓 SERVER HEARTBEAT - Listening on port 5000
[2026-02-03T07:29:09.440Z] 💓 SERVER HEARTBEAT - Listening on port 5000
[2026-02-03T07:29:14.443Z] 💓 SERVER HEARTBEAT - Listening on port 5000
[2026-02-03T08:17:23.075Z] MongoDB connected successfully
[2026-02-03T08:17:23.085Z] LegalEase backend running on port 5000
[2026-02-03T08:17:23.085Z] 📝 LOGGING TO: C:\Users\chira\OneDrive\Desktop\LegalEase2.0\Backend\server.log
[2026-02-03T08:18:51.118Z] MongoDB connected successfully
[2026-02-03T08:18:51.124Z] LegalEase backend running on port 5000
[2026-02-03T08:19:16.539Z] 🌐 GLOBAL LOG: OPTIONS /api/auth/register
[2026-02-03T08:19:16.545Z] 🌐 GLOBAL LOG: POST /api/auth/register
[2026-02-03T08:19:16.566Z] 🛡️ AUTH ROUTE RECEIVED: POST /register
[2026-02-03T08:19:16.567Z]    Body: {
  "name": "dinesh",
  "email": "dinesh2@m.com",
  "password": "00000000"
}
[2026-02-03T08:19:16.569Z] ⚡ REGISTER ENDPOINT HIT - Processing request for: dinesh2@m.com
[2026-02-03T08:19:16.753Z] 

==================================================
[2026-02-03T08:19:16.754Z] 🔑 OTP FOR VERIFICATION: 956997
[2026-02-03T08:19:16.754Z] ==================================================


[2026-02-03T08:19:42.835Z] 🌐 GLOBAL LOG: OPTIONS /api/auth/verify-otp
[2026-02-03T08:19:42.840Z] 🌐 GLOBAL LOG: POST /api/auth/verify-otp
[2026-02-03T08:19:42.841Z] 🛡️ AUTH ROUTE RECEIVED: POST /verify-otp
[2026-02-03T08:19:42.841Z]    Body: {
  "userId": "6981af841de34430da839ddc",
  "otp": "956997"
}
[2026-02-03T08:19:43.041Z] 🌐 GLOBAL LOG: GET /api/auth/me
[2026-02-03T08:19:43.041Z] 🛡️ AUTH ROUTE RECEIVED: GET /me
[2026-02-03T08:19:43.042Z] 🔐 AUTH DEBUG:
[2026-02-03T08:19:43.042Z]   Token exists: true
[2026-02-03T08:19:43.042Z]   Token preview: eyJhbGciOiJIUzI1NiIsInR5cCI6Ik...
[2026-02-03T08:19:43.045Z]   ✅ Token decoded: {"id":"6981af841de34430da839ddc"}
[2026-02-03T08:19:43.087Z]   ✅ User found: {"id":"6981af841de34430da839ddc","name":"dinesh","role":"USER"}
[2026-02-03T08:21:41.581Z] MongoDB connected successfully
[2026-02-03T08:21:41.588Z] LegalEase backend running on port 5000
[2026-02-03T08:38:28.836Z] MongoDB connected successfully
[2026-02-03T08:38:28.845Z] LegalEase backend running on port 5000
[2026-02-03T08:38:30.689Z] 🔎 ADMIN ROUTER HIT: GET /lawyers/pending
[2026-02-03T08:38:35.124Z] 🔎 ADMIN ROUTER HIT: PUT /lawyers/6981b032fc3be1d87d43e36d/approve
[2026-02-03T08:38:35.188Z] 👨‍⚖️ ADMIN APPROVE REQUEST: ID=6981b032fc3be1d87d43e36d
[2026-02-03T08:38:44.471Z] 🔎 ADMIN ROUTER HIT: GET /lawyers/pending
[2026-02-03T08:38:46.516Z] 🔎 ADMIN ROUTER HIT: GET /lawyers/approved
[2026-02-03T08:38:49.656Z] 🔎 ADMIN ROUTER HIT: GET /lawyers/pending
[2026-02-03T08:38:52.312Z] 🔎 ADMIN ROUTER HIT: PUT /lawyers/69812b3470348d7431764e2a/decline
[2026-02-03T08:38:56.664Z] 🔎 ADMIN ROUTER HIT: GET /lawyers/rejected
[2026-02-03T08:42:04.413Z] 🔎 ADMIN ROUTER HIT: GET /lawyers/pending
[2026-02-03T08:43:44.292Z] 🔎 ADMIN ROUTER HIT: GET /lawyers/approved
[2026-02-03T08:43:45.165Z] 🔎 ADMIN ROUTER HIT: GET /lawyers/pending
[2026-02-03T08:43:46.134Z] 🔎 ADMIN ROUTER HIT: GET /lawyers/rejected
